-------------------------------------------------------------------------------
Test set: Testes dos métodos da classe Transação
-------------------------------------------------------------------------------
Tests run: 4, Failures: 4, Errors: 0, Skipped: 0, Time elapsed: 0.005 s <<< FAILURE! - in Testes dos métodos da classe Transação
com.trybe.acc.java.caixaeletronico.TransacaoTest.getQuantiaTest  Time elapsed: 0.001 s  <<< FAILURE!
org.opentest4j.AssertionFailedError: Não implementado
	at com.trybe.acc.java.caixaeletronico.TransacaoTest.getQuantiaTest(TransacaoTest.java:22)

com.trybe.acc.java.caixaeletronico.TransacaoTest.construtorTest  Time elapsed: 0 s  <<< FAILURE!
org.opentest4j.AssertionFailedError: Não implementado
	at com.trybe.acc.java.caixaeletronico.TransacaoTest.construtorTest(TransacaoTest.java:14)

com.trybe.acc.java.caixaeletronico.TransacaoTest.retornarInstanteTest  Time elapsed: 0 s  <<< FAILURE!
org.opentest4j.AssertionFailedError: Não implementado
	at com.trybe.acc.java.caixaeletronico.TransacaoTest.retornarInstanteTest(TransacaoTest.java:36)

com.trybe.acc.java.caixaeletronico.TransacaoTest.retornarResumoTransacaoTest  Time elapsed: 0.001 s  <<< FAILURE!
org.opentest4j.AssertionFailedError: Não implementado
	at com.trybe.acc.java.caixaeletronico.TransacaoTest.retornarResumoTransacaoTest(TransacaoTest.java:29)

