<?xml version="1.0" encoding="UTF-8"?>
<testsuite xmlns:xsi="http://www.w3.org/2001/XMLSchema-instance" xsi:noNamespaceSchemaLocation="https://maven.apache.org/surefire/maven-surefire-plugin/xsd/surefire-test-report-3.0.xsd" version="3.0" name="Teste dos métodos da classe PessoaCliente" time="0.009" tests="9" errors="0" skipped="0" failures="9">
  <properties>
[...]
</properties>
  <testcase name="14 - Testa o método retornar id de uma conta específica da pessoa cliente." classname="Teste dos métodos da classe PessoaCliente" time="0">
    <failure type="org.opentest4j.AssertionFailedError"><![CDATA[org.opentest4j.AssertionFailedError: Não implementado
	at com.trybe.acc.java.caixaeletronico.PessoaClienteTest.retornarIdContaEspecificaTest(PessoaClienteTest.java:35)
]]></failure>
  </testcase>
  <testcase name="13 - Testa o método retornar saldo de uma conta específica da pessoa cliente." classname="Teste dos métodos da classe PessoaCliente" time="0">
    <failure type="org.opentest4j.AssertionFailedError"><![CDATA[org.opentest4j.AssertionFailedError: Não implementado
	at com.trybe.acc.java.caixaeletronico.PessoaClienteTest.retornarSaldoContaEspecificaTest(PessoaClienteTest.java:27)
]]></failure>
  </testcase>
  <testcase name="16 - Testa o método adiciona transação de uma conta específica da pessoa cliente." classname="Teste dos métodos da classe PessoaCliente" time="0">
    <failure type="org.opentest4j.AssertionFailedError"><![CDATA[org.opentest4j.AssertionFailedError: Não implementado
	at com.trybe.acc.java.caixaeletronico.PessoaClienteTest.adicionarTransacaoContaEspecificaTest(PessoaClienteTest.java:49)
]]></failure>
  </testcase>
  <testcase name="17 - Testa o método validar senha." classname="Teste dos métodos da classe PessoaCliente" time="0">
    <failure type="org.opentest4j.AssertionFailedError"><![CDATA[org.opentest4j.AssertionFailedError: Não implementado
	at com.trybe.acc.java.caixaeletronico.PessoaClienteTest.validarSenhaTest(PessoaClienteTest.java:56)
]]></failure>
  </testcase>
  <testcase name="11 - Testa o construtor da classe Pessoa Cliente." classname="Teste dos métodos da classe PessoaCliente" time="0">
    <failure type="org.opentest4j.AssertionFailedError"><![CDATA[org.opentest4j.AssertionFailedError: Não implementado
	at com.trybe.acc.java.caixaeletronico.PessoaClienteTest.construtorTest(PessoaClienteTest.java:13)
]]></failure>
  </testcase>
  <testcase name="12 - Testa o método adicionar conta e o método retornar número de contas." classname="Teste dos métodos da classe PessoaCliente" time="0">
    <failure type="org.opentest4j.AssertionFailedError"><![CDATA[org.opentest4j.AssertionFailedError: Não implementado
	at com.trybe.acc.java.caixaeletronico.PessoaClienteTest.adicionarContaTestRetornaNumeroDeContasTest(PessoaClienteTest.java:20)
]]></failure>
  </testcase>
  <testcase name="18 - Testa o método retornar resumo contas." classname="Teste dos métodos da classe PessoaCliente" time="0">
    <failure type="org.opentest4j.AssertionFailedError"><![CDATA[org.opentest4j.AssertionFailedError: Não implementado
	at com.trybe.acc.java.caixaeletronico.PessoaClienteTest.retornarResumoContasTest(PessoaClienteTest.java:63)
]]></failure>
  </testcase>
  <testcase name="15 - Testa o método retornar o extrato de uma conta específica da pessoa cliente." classname="Teste dos métodos da classe PessoaCliente" time="0.001">
    <failure type="org.opentest4j.AssertionFailedError"><![CDATA[org.opentest4j.AssertionFailedError: Não implementado
	at com.trybe.acc.java.caixaeletronico.PessoaClienteTest.retornarExtratoContaEspecificaTest(PessoaClienteTest.java:42)
]]></failure>
  </testcase>
  <testcase name="19 - Testa o método Getter do atributo cpf está retornando." classname="Teste dos métodos da classe PessoaCliente" time="0">
    <failure type="org.opentest4j.AssertionFailedError"><![CDATA[org.opentest4j.AssertionFailedError: Não implementado
	at com.trybe.acc.java.caixaeletronico.PessoaClienteTest.getCpfTest(PessoaClienteTest.java:71)
]]></failure>
  </testcase>
</testsuite>