<?xml version="1.0" encoding="UTF-8"?>
<testsuite xmlns:xsi="http://www.w3.org/2001/XMLSchema-instance" xsi:noNamespaceSchemaLocation="https://maven.apache.org/surefire/maven-surefire-plugin/xsd/surefire-test-report-3.0.xsd" version="3.0" name="Testes para a classe Banco" time="0.005" tests="5" errors="0" skipped="0" failures="5">
  <properties>
[...]
</properties>
  <testcase name="21 - Testa o método adicionar pessoa cliente retorna o objeto pessoa cliente." classname="Testes para a classe Banco" time="0">
    <failure type="org.opentest4j.AssertionFailedError"><![CDATA[org.opentest4j.AssertionFailedError: Não implementado
	at com.trybe.acc.java.caixaeletronico.BancoTest.adicionarPessoaClienteTest(BancoTest.java:19)
]]></failure>
  </testcase>
  <testcase name="20 - Testa o gerador de número único para nova conta." classname="Testes para a classe Banco" time="0">
    <failure type="org.opentest4j.AssertionFailedError"><![CDATA[org.opentest4j.AssertionFailedError: Não implementado
	at com.trybe.acc.java.caixaeletronico.BancoTest.gerarNumeroNovaContaTest(BancoTest.java:13)
]]></failure>
  </testcase>
  <testcase name="22 - Testa o método login da pessoa cliente retorna o objeto pessoa cliente corretamente." classname="Testes para a classe Banco" time="0">
    <failure type="org.opentest4j.AssertionFailedError"><![CDATA[org.opentest4j.AssertionFailedError: Não implementado
	at com.trybe.acc.java.caixaeletronico.BancoTest.pessoaClienteLoginTest(BancoTest.java:26)
]]></failure>
  </testcase>
  <testcase name="23 - Testa se o método transferir fundos está transferindo corretamente." classname="Testes para a classe Banco" time="0.001">
    <failure type="org.opentest4j.AssertionFailedError"><![CDATA[org.opentest4j.AssertionFailedError: Não implementado
	at com.trybe.acc.java.caixaeletronico.BancoTest.depositarTestTransferirFundosTestmostrarExtratoTest(BancoTest.java:33)
]]></failure>
  </testcase>
  <testcase name="24 - Testa se o método sacar está funcionando corretamente." classname="Testes para a classe Banco" time="0">
    <failure type="org.opentest4j.AssertionFailedError"><![CDATA[org.opentest4j.AssertionFailedError: Não implementado
	at com.trybe.acc.java.caixaeletronico.BancoTest.depositarTestSacarTestMostrarExtratoTest(BancoTest.java:40)
]]></failure>
  </testcase>
</testsuite>